<?xml version="1.0" encoding="UTF-8"?>
<testsuite xmlns:xsi="http://www.w3.org/2001/XMLSchema-instance" xsi:noNamespaceSchemaLocation="https://maven.apache.org/surefire/maven-surefire-plugin/xsd/surefire-test-report-3.0.xsd" version="3.0" name="TestSuite" time="146.493" tests="4" errors="0" skipped="0" failures="1">
  <properties>
[...]
</properties>
  <testcase name="basePageNavigation[sampleEmail, samplePassword, Restricted user](1)" classname="Academy.HomePage" time="4.045">
    <system-out><![CDATA[/home/ankur/Documents/Selenium 4.0/SeleniumFrameWorkScratch
15:11:39.592 [main] INFO  Academy.HomePage - Driver is initialized
Restricted user
15:11:43.740 [main] INFO  Academy.HomePage - Login failed
]]></system-out>
    <system-err><![CDATA[1615282866613	geckodriver	INFO	Listening on 127.0.0.1:27425
1615282866969	mozrunner::runner	INFO	Running command: "/usr/lib/firefox/firefox" "--marionette" "-foreground" "-no-remote" "-profile" "/tmp/rust_mozprofileMwzOwb"
console.warn: SearchSettings: "get: No settings file exists, new profile?" (new Error("", "(unknown module)"))
1615282885780	Marionette	INFO	Listening on port 32851
1615282886125	Marionette	WARN	TLS certificate errors will be ignored for this session
Mar 09, 2021 3:11:26 PM org.openqa.selenium.remote.ProtocolHandshake createSession
INFO: Detected dialect: W3C
]]></system-err>
  </testcase>
  <testcase name="basePageNavigation[2ndsampleEmail, 2ndSamplePassword, notRestricked](2)" classname="Academy.HomePage" time="2.885">
    <system-out><![CDATA[notRestricked
15:11:46.642 [main] INFO  Academy.HomePage - Login failed
]]></system-out>
  </testcase>
  <testcase name="basePageNavigation" classname="ValidateHome.HomePageValidateHomeButton" time="0.057">
    <failure message="expected [false] but found [true]" type="java.lang.AssertionError"><![CDATA[java.lang.AssertionError: expected [false] but found [true]
	at ValidateHome.HomePageValidateHomeButton.basePageNavigation(HomePageValidateHomeButton.java:32)
]]></failure>
    <system-out><![CDATA[15:11:48.803 [main] INFO  Academy.HomePage - Driver is closed
PASSED: basePageNavigation("sampleEmail", "samplePassword", "Restricted user")
PASSED: basePageNavigation("2ndsampleEmail", "2ndSamplePassword", "notRestricked")

===============================================
    Validating homepage
    Tests run: 2, Failures: 0, Skips: 0
===============================================

]]></system-out>
    <system-err><![CDATA[1615282906657	Marionette	INFO	Stopped listening on port 32851
1615282909014	geckodriver	INFO	Listening on 127.0.0.1:17684
1615282909022	mozrunner::runner	INFO	Running command: "/usr/lib/firefox/firefox" "--marionette" "-foreground" "-no-remote" "-profile" "/tmp/rust_mozprofile7e9rd0"
console.warn: SearchSettings: "get: No settings file exists, new profile?" (new Error("", "(unknown module)"))
1615282919890	Marionette	INFO	Listening on port 39197
1615282919970	Marionette	WARN	TLS certificate errors will be ignored for this session
Mar 09, 2021 3:11:59 PM org.openqa.selenium.remote.ProtocolHandshake createSession
INFO: Detected dialect: W3C
]]></system-err>
  </testcase>
  <testcase name="basePageNavigation" classname="ValidateTitle.HomePageValidateTitle" time="0.038">
    <system-out><![CDATA[FAILED: basePageNavigation
java.lang.AssertionError: expected [false] but found [true]
	at org.testng.Assert.fail(Assert.java:99)
	at org.testng.Assert.failNotEquals(Assert.java:1037)
	at org.testng.Assert.assertFalse(Assert.java:67)
	at org.testng.Assert.assertFalse(Assert.java:77)
	at ValidateHome.HomePageValidateHomeButton.basePageNavigation(HomePageValidateHomeButton.java:32)
	at sun.reflect.NativeMethodAccessorImpl.invoke0(Native Method)
	at sun.reflect.NativeMethodAccessorImpl.invoke(NativeMethodAccessorImpl.java:62)
	at sun.reflect.DelegatingMethodAccessorImpl.invoke(DelegatingMethodAccessorImpl.java:43)
	at java.lang.reflect.Method.invoke(Method.java:498)
	at org.testng.internal.MethodInvocationHelper.invokeMethod(MethodInvocationHelper.java:132)
	at org.testng.internal.TestInvoker.invokeMethod(TestInvoker.java:599)
	at org.testng.internal.TestInvoker.invokeTestMethod(TestInvoker.java:174)
	at org.testng.internal.MethodRunner.runInSequence(MethodRunner.java:46)
	at org.testng.internal.TestInvoker$MethodInvocationAgent.invoke(TestInvoker.java:822)
	at org.testng.internal.TestInvoker.invokeTestMethods(TestInvoker.java:147)
	at org.testng.internal.TestMethodWorker.invokeTestMethods(TestMethodWorker.java:146)
	at org.testng.internal.TestMethodWorker.run(TestMethodWorker.java:128)
	at java.util.ArrayList.forEach(ArrayList.java:1259)
	at org.testng.TestRunner.privateRun(TestRunner.java:764)
	at org.testng.TestRunner.run(TestRunner.java:585)
	at org.testng.SuiteRunner.runTest(SuiteRunner.java:384)
	at org.testng.SuiteRunner.runSequentially(SuiteRunner.java:378)
	at org.testng.SuiteRunner.privateRun(SuiteRunner.java:337)
	at org.testng.SuiteRunner.run(SuiteRunner.java:286)
	at org.testng.SuiteRunnerWorker.runSuite(SuiteRunnerWorker.java:53)
	at org.testng.SuiteRunnerWorker.run(SuiteRunnerWorker.java:96)
	at org.testng.TestNG.runSuitesSequentially(TestNG.java:1218)
	at org.testng.TestNG.runSuitesLocally(TestNG.java:1140)
	at org.testng.TestNG.runSuites(TestNG.java:1069)
	at org.testng.TestNG.run(TestNG.java:1037)
	at org.apache.maven.surefire.testng.TestNGExecutor.run(TestNGExecutor.java:284)
	at org.apache.maven.surefire.testng.TestNGXmlTestSuite.execute(TestNGXmlTestSuite.java:75)
	at org.apache.maven.surefire.testng.TestNGProvider.invoke(TestNGProvider.java:119)
	at org.apache.maven.surefire.booter.ForkedBooter.runSuitesInProcess(ForkedBooter.java:428)
	at org.apache.maven.surefire.booter.ForkedBooter.execute(ForkedBooter.java:162)
	at org.apache.maven.surefire.booter.ForkedBooter.run(ForkedBooter.java:562)
	at org.apache.maven.surefire.booter.ForkedBooter.main(ForkedBooter.java:548)


===============================================
    Validating home button
    Tests run: 1, Failures: 1, Skips: 0
===============================================

15:13:28.209 [main] INFO  ValidateTitle.HomePageValidateTitle - Driver is initialized
15:13:28.251 [main] INFO  ValidateTitle.HomePageValidateTitle - Title is correct
]]></system-out>
    <system-err><![CDATA[1615282923948	Marionette	INFO	Stopped listening on port 39197
JavaScript error: resource://activity-stream/lib/ASRouter.jsm, line 988: NS_ERROR_ILLEGAL_VALUE: Component returned failure code: 0x80070057 (NS_ERROR_ILLEGAL_VALUE) [nsIObserverService.removeObserver]
console.warn: SearchService: "_init: abandoning init due to shutting down"
JavaScript error: , line 0: uncaught exception: 2147500036
JavaScript error: , line 0: uncaught exception: 2147500036
JavaScript error: , line 0: uncaught exception: 2147500036
JavaScript error: , line 0: uncaught exception: 2147500036
JavaScript error: , line 0: uncaught exception: 2147500036
JavaScript error: , line 0: uncaught exception: 2147500036
JavaScript error: resource://gre/modules/UrlClassifierListManager.jsm, line 691: TypeError: this.tablesData[table] is undefined

###!!! [Parent][RunMessage] Error: Channel closing: too late to send/recv, messages will be lost

JavaScript error: resource://gre/modules/CrashManager.jsm, line 831: NotAllowedError: Shutting down and refusing additional I/O tasks
ExceptionHandler::GenerateDump cloned child 20864
ExceptionHandler::SendContinueSignalToChild sent continue signal to child
ExceptionHandler::WaitForContinueSignal waiting for continue signal...
1615282992316	geckodriver	INFO	Listening on 127.0.0.1:10952
1615282992323	mozrunner::runner	INFO	Running command: "/usr/lib/firefox/firefox" "--marionette" "-foreground" "-no-remote" "-profile" "/tmp/rust_mozprofilefzmAgm"
console.warn: SearchSettings: "get: No settings file exists, new profile?" (new Error("", "(unknown module)"))
1615283001834	Marionette	INFO	Listening on port 41415
1615283001868	Marionette	WARN	TLS certificate errors will be ignored for this session
Mar 09, 2021 3:13:21 PM org.openqa.selenium.remote.ProtocolHandshake createSession
INFO: Detected dialect: W3C
]]></system-err>
  </testcase>
</testsuite>