-------------------------------------------------------------------------------
Test set: TestSuite
-------------------------------------------------------------------------------
Tests run: 4, Failures: 1, Errors: 0, Skipped: 0, Time elapsed: 22.34 s <<< FAILURE! - in TestSuite
ValidateHome.HomePageValidateHomeButton.basePageNavigation  Time elapsed: 0.058 s  <<< FAILURE!
java.lang.AssertionError: expected [false] but found [true]
	at ValidateHome.HomePageValidateHomeButton.basePageNavigation(HomePageValidateHomeButton.java:32)

